Flutter crash report.
Please report a bug at https://github.com/flutter/flutter/issues.

## command

flutter run --machine --start-paused -d web-server --web-server-debug-protocol ws --web-server-debug-backend-protocol ws --web-server-debug-injected-client-protocol ws --web-allow-expose-url --devtools-server-address http://127.0.0.1:9100/ --target lib/main.dart -d web-server --web-port=5000 --web-hostname=0.0.0.0

## exception

StateError: Bad state: Future already completed

```
#0      _AsyncCompleter.complete (dart:async/future_impl.dart:35:31)
#1      WebDevFS.connect.<anonymous closure> (package:flutter_tools/src/isolated/devfs_web.dart:703:16)
<asynchronous suspension>
```

## flutter doctor

```
[✓] Flutter (Channel stable, 3.3.2, on Ubuntu 22.04.1 LTS 5.4.0-1090-azure, locale en_US)
    • Flutter version 3.3.2 on channel stable at /home/developer/flutter
    • Upstream repository https://github.com/flutter/flutter.git
    • Framework revision e3c29ec00c (4 days ago), 2022-09-14 08:46:55 -0500
    • Engine revision a4ff2c53d8
    • Dart version 2.18.1
    • DevTools version 2.15.0

[✗] Android toolchain - develop for Android devices
    ✗ Unable to locate Android SDK.
      Install Android Studio from: https://developer.android.com/studio/index.html
      On first launch it will assist you in installing the Android SDK components.
      (or visit https://flutter.dev/docs/get-started/install/linux#android-setup for detailed instructions).
      If the Android SDK has been installed to a custom location, please use
      `flutter config --android-sdk` to update to that location.


[✗] Chrome - develop for the web (Cannot find Chrome executable at google-chrome)
    ! Cannot find Chrome. Try setting CHROME_EXECUTABLE to a Chrome executable.

[✗] Linux toolchain - develop for Linux desktop
    ✗ clang++ is required for Linux development.
      It is likely available from your distribution (e.g.: apt install clang), or can be downloaded from https://releases.llvm.org/
    ✗ CMake is required for Linux development.
      It is likely available from your distribution (e.g.: apt install cmake), or can be downloaded from https://cmake.org/download/
    ✗ ninja is required for Linux development.
      It is likely available from your distribution (e.g.: apt install ninja-build), or can be downloaded from https://github.com/ninja-build/ninja/releases
    ✗ pkg-config is required for Linux development.
      It is likely available from your distribution (e.g.: apt install pkg-config), or can be downloaded from https://www.freedesktop.org/wiki/Software/pkg-config/

[!] Android Studio (not installed)
    • Android Studio not found; download from https://developer.android.com/studio/index.html
      (or visit https://flutter.dev/docs/get-started/install/linux#android-setup for detailed instructions).

[✓] Connected device (1 available)
    • Web Server (web) • web-server • web-javascript • Flutter Tools

[✓] HTTP Host Availability
    • All required HTTP hosts are available

! Doctor found issues in 4 categories.
```
